<?xml version="1.0" encoding="UTF-8"?>
<!-- Generated by org.testng.reporters.JUnitReportReporter -->
<testsuite hostname="LPT1-VJadhav" failures="0" tests="1" name="testcases.AccountRegistration" time="4.225" errors="0" timestamp="2025-10-08T17:58:33 IST" skipped="0">
  <testcase classname="testcases.AccountRegistration" name="TC_AccountRegistartion_001" time="4.225"/>
</testsuite> <!-- testcases.AccountRegistration -->
