<?xml version="1.0" encoding="UTF-8"?>
<!-- Generated by org.testng.reporters.JUnitReportReporter -->
<testsuite hostname="LPT1-VJadhav" failures="0" tests="5" name="testcases.LoginTestDTT" time="39.864" errors="0" timestamp="2025-10-07T15:52:33 IST" skipped="0">
  <testcase classname="testcases.LoginTestDTT" name="TC_loginDTT_001" time="4.606"/>
  <testcase classname="testcases.LoginTestDTT" name="TC_loginDTT_001" time="13.396"/>
  <testcase classname="testcases.LoginTestDTT" name="TC_loginDTT_001" time="4.130"/>
  <testcase classname="testcases.LoginTestDTT" name="TC_loginDTT_001" time="4.246"/>
  <testcase classname="testcases.LoginTestDTT" name="TC_loginDTT_001" time="13.486"/>
</testsuite> <!-- testcases.LoginTestDTT -->
