<?xml version="1.0" encoding="UTF-8"?>
<!-- Generated by org.testng.reporters.JUnitReportReporter -->
<testsuite hostname="LPT1-VJadhav" failures="0" tests="2" name="testcases.LoginTest" time="39.227" errors="0" timestamp="2025-10-09T15:15:26 IST" skipped="0">
  <testcase classname="testcases.LoginTest" name="TC_LOGIN_001_VerifySuccessfulLoginWithValidCredentials" time="26.137"/>
  <testcase classname="testcases.LoginTest" name="TC_LOGIN_002_VerifyLoginFailsWithInvalidUsername" time="13.090"/>
</testsuite> <!-- testcases.LoginTest -->
