<?xml version="1.0" encoding="UTF-8"?>
<!-- Generated by org.testng.reporters.JUnitReportReporter -->
<testsuite hostname="LPT1-VJadhav" failures="0" tests="2" name="testcases.LoginTest" time="18.232" errors="0" timestamp="2025-10-09T14:17:23 IST" skipped="0">
  <testcase classname="testcases.LoginTest" name="TC_LOGIN_001_VerifySuccessfulLoginWithValidCredentials" time="4.166"/>
  <testcase classname="testcases.LoginTest" name="TC_LOGIN_002_VerifyLoginFailsWithInvalidUsername" time="14.066"/>
</testsuite> <!-- testcases.LoginTest -->
